{
    "/Users/taichi/Documents/GitHub/testing-vitest/vite-project/src/App.tsx": {
      "path": "/Users/taichi/Documents/GitHub/testing-vitest/vite-project/src/App.tsx",
      "all": false,
      "statementMap": {
        "0": {
          "start": { "line": 1, "column": 0 },
          "end": { "line": 1, "column": 32 }
        },
        "1": {
          "start": { "line": 2, "column": 0 },
          "end": { "line": 2, "column": 42 }
        },
        "2": {
          "start": { "line": 3, "column": 0 },
          "end": { "line": 3, "column": 32 }
        },
        "3": {
          "start": { "line": 4, "column": 0 },
          "end": { "line": 4, "column": 18 }
        },
        "5": {
          "start": { "line": 6, "column": 0 },
          "end": { "line": 6, "column": 16 }
        },
        "6": {
          "start": { "line": 7, "column": 0 },
          "end": { "line": 7, "column": 39 }
        },
        "8": {
          "start": { "line": 9, "column": 0 },
          "end": { "line": 9, "column": 10 }
        },
        "9": {
          "start": { "line": 10, "column": 0 },
          "end": { "line": 10, "column": 6 }
        },
        "10": {
          "start": { "line": 11, "column": 0 },
          "end": { "line": 11, "column": 11 }
        },
        "11": {
          "start": { "line": 12, "column": 0 },
          "end": { "line": 12, "column": 53 }
        },
        "12": {
          "start": { "line": 13, "column": 0 },
          "end": { "line": 13, "column": 65 }
        },
        "13": {
          "start": { "line": 14, "column": 0 },
          "end": { "line": 14, "column": 12 }
        },
        "14": {
          "start": { "line": 15, "column": 0 },
          "end": { "line": 15, "column": 52 }
        },
        "15": {
          "start": { "line": 16, "column": 0 },
          "end": { "line": 16, "column": 73 }
        },
        "16": {
          "start": { "line": 17, "column": 0 },
          "end": { "line": 17, "column": 12 }
        },
        "17": {
          "start": { "line": 18, "column": 0 },
          "end": { "line": 18, "column": 12 }
        },
        "18": {
          "start": { "line": 19, "column": 0 },
          "end": { "line": 19, "column": 27 }
        },
        "19": {
          "start": { "line": 20, "column": 0 },
          "end": { "line": 20, "column": 28 }
        },
        "20": {
          "start": { "line": 21, "column": 0 },
          "end": { "line": 21, "column": 63 }
        },
        "21": {
          "start": { "line": 22, "column": 0 },
          "end": { "line": 22, "column": 26 }
        },
        "22": {
          "start": { "line": 23, "column": 0 },
          "end": { "line": 23, "column": 17 }
        },
        "23": {
          "start": { "line": 24, "column": 0 },
          "end": { "line": 24, "column": 11 }
        },
        "24": {
          "start": { "line": 25, "column": 0 },
          "end": { "line": 25, "column": 60 }
        },
        "25": {
          "start": { "line": 26, "column": 0 },
          "end": { "line": 26, "column": 12 }
        },
        "26": {
          "start": { "line": 27, "column": 0 },
          "end": { "line": 27, "column": 12 }
        },
        "27": {
          "start": { "line": 28, "column": 0 },
          "end": { "line": 28, "column": 35 }
        },
        "29": {
          "start": { "line": 30, "column": 0 },
          "end": { "line": 30, "column": 10 }
        },
        "30": {
          "start": { "line": 31, "column": 0 },
          "end": { "line": 31, "column": 7 }
        },
        "32": {
          "start": { "line": 33, "column": 0 },
          "end": { "line": 33, "column": 1 }
        },
        "34": {
          "start": { "line": 35, "column": 0 },
          "end": { "line": 35, "column": 18 }
        }
      },
      "s": {
        "0": 1,
        "1": 1,
        "2": 1,
        "3": 1,
        "5": 4,
        "6": 4,
        "8": 4,
        "9": 4,
        "10": 4,
        "11": 4,
        "12": 4,
        "13": 4,
        "14": 4,
        "15": 4,
        "16": 4,
        "17": 4,
        "18": 4,
        "19": 4,
        "20": 4,
        "21": 4,
        "22": 4,
        "23": 4,
        "24": 4,
        "25": 4,
        "26": 4,
        "27": 4,
        "29": 4,
        "30": 4,
        "32": 4,
        "34": 1
      },
      "branchMap": {
        "0": {
          "type": "branch",
          "line": 6,
          "loc": {
            "start": { "line": 6, "column": 0 },
            "end": { "line": 33, "column": 1 }
          },
          "locations": [
            {
              "start": { "line": 6, "column": 0 },
              "end": { "line": 33, "column": 1 }
            }
          ]
        },
        "1": {
          "type": "branch",
          "line": 21,
          "loc": {
            "start": { "line": 21, "column": 25 },
            "end": { "line": 21, "column": 63 }
          },
          "locations": [
            {
              "start": { "line": 21, "column": 25 },
              "end": { "line": 21, "column": 63 }
            }
          ]
        },
        "2": {
          "type": "branch",
          "line": 21,
          "loc": {
            "start": { "line": 21, "column": 40 },
            "end": { "line": 21, "column": 60 }
          },
          "locations": [
            {
              "start": { "line": 21, "column": 40 },
              "end": { "line": 21, "column": 60 }
            }
          ]
        }
      },
      "b": { "0": [4], "1": [1], "2": [1] },
      "fnMap": {
        "0": {
          "name": "App",
          "decl": {
            "start": { "line": 6, "column": 0 },
            "end": { "line": 33, "column": 1 }
          },
          "loc": {
            "start": { "line": 6, "column": 0 },
            "end": { "line": 33, "column": 1 }
          },
          "line": 6
        },
        "1": {
          "name": "onClick",
          "decl": {
            "start": { "line": 21, "column": 25 },
            "end": { "line": 21, "column": 63 }
          },
          "loc": {
            "start": { "line": 21, "column": 25 },
            "end": { "line": 21, "column": 63 }
          },
          "line": 21
        }
      },
      "f": { "0": 4, "1": 1 }
    },
    "/Users/taichi/Documents/GitHub/testing-vitest/vite-project/src/apis/axios-gentype/api-axios.ts": {
      "path": "/Users/taichi/Documents/GitHub/testing-vitest/vite-project/src/apis/axios-gentype/api-axios.ts",
      "all": true,
      "statementMap": {
        "0": {
          "start": { "line": 1, "column": 0 },
          "end": { "line": 1, "column": 20 }
        },
        "9": {
          "start": { "line": 10, "column": 0 },
          "end": { "line": 10, "column": 26 }
        },
        "41": {
          "start": { "line": 42, "column": 0 },
          "end": { "line": 42, "column": 25 }
        },
        "42": {
          "start": { "line": 43, "column": 0 },
          "end": { "line": 43, "column": 28 }
        },
        "43": {
          "start": { "line": 44, "column": 0 },
          "end": { "line": 44, "column": 35 }
        },
        "44": {
          "start": { "line": 45, "column": 0 },
          "end": { "line": 45, "column": 51 }
        },
        "45": {
          "start": { "line": 46, "column": 0 },
          "end": { "line": 46, "column": 22 }
        },
        "48": {
          "start": { "line": 49, "column": 0 },
          "end": { "line": 49, "column": 53 }
        },
        "50": {
          "start": { "line": 51, "column": 0 },
          "end": { "line": 51, "column": 55 }
        },
        "56": {
          "start": { "line": 57, "column": 0 },
          "end": { "line": 57, "column": 15 }
        },
        "57": {
          "start": { "line": 58, "column": 0 },
          "end": { "line": 58, "column": 19 }
        },
        "58": {
          "start": { "line": 59, "column": 0 },
          "end": { "line": 59, "column": 11 }
        },
        "59": {
          "start": { "line": 60, "column": 0 },
          "end": { "line": 60, "column": 11 }
        },
        "60": {
          "start": { "line": 61, "column": 0 },
          "end": { "line": 61, "column": 13 }
        },
        "61": {
          "start": { "line": 62, "column": 0 },
          "end": { "line": 62, "column": 18 }
        },
        "62": {
          "start": { "line": 63, "column": 0 },
          "end": { "line": 63, "column": 18 }
        },
        "63": {
          "start": { "line": 64, "column": 0 },
          "end": { "line": 64, "column": 40 }
        },
        "64": {
          "start": { "line": 65, "column": 0 },
          "end": { "line": 65, "column": 101 }
        },
        "65": {
          "start": { "line": 66, "column": 0 },
          "end": { "line": 66, "column": 25 }
        },
        "66": {
          "start": { "line": 67, "column": 0 },
          "end": { "line": 67, "column": 25 }
        },
        "67": {
          "start": { "line": 68, "column": 0 },
          "end": { "line": 68, "column": 41 }
        },
        "68": {
          "start": { "line": 69, "column": 0 },
          "end": { "line": 69, "column": 39 }
        },
        "69": {
          "start": { "line": 70, "column": 0 },
          "end": { "line": 70, "column": 3 }
        },
        "71": {
          "start": { "line": 72, "column": 0 },
          "end": { "line": 72, "column": 63 }
        },
        "72": {
          "start": { "line": 73, "column": 0 },
          "end": { "line": 73, "column": 29 }
        },
        "73": {
          "start": { "line": 74, "column": 0 },
          "end": { "line": 74, "column": 4 }
        },
        "75": {
          "start": { "line": 76, "column": 0 },
          "end": { "line": 76, "column": 111 }
        },
        "76": {
          "start": { "line": 77, "column": 0 },
          "end": { "line": 77, "column": 65 }
        },
        "78": {
          "start": { "line": 79, "column": 0 },
          "end": { "line": 79, "column": 12 }
        },
        "79": {
          "start": { "line": 80, "column": 0 },
          "end": { "line": 80, "column": 32 }
        },
        "80": {
          "start": { "line": 81, "column": 0 },
          "end": { "line": 81, "column": 17 }
        },
        "81": {
          "start": { "line": 82, "column": 0 },
          "end": { "line": 82, "column": 25 }
        },
        "82": {
          "start": { "line": 83, "column": 0 },
          "end": { "line": 83, "column": 16 }
        },
        "83": {
          "start": { "line": 84, "column": 0 },
          "end": { "line": 84, "column": 109 }
        },
        "84": {
          "start": { "line": 85, "column": 0 },
          "end": { "line": 85, "column": 35 }
        },
        "85": {
          "start": { "line": 86, "column": 0 },
          "end": { "line": 86, "column": 48 }
        },
        "86": {
          "start": { "line": 87, "column": 0 },
          "end": { "line": 87, "column": 8 }
        },
        "87": {
          "start": { "line": 88, "column": 0 },
          "end": { "line": 88, "column": 6 }
        },
        "88": {
          "start": { "line": 89, "column": 0 },
          "end": { "line": 89, "column": 3 }
        },
        "90": {
          "start": { "line": 91, "column": 0 },
          "end": { "line": 91, "column": 50 }
        },
        "91": {
          "start": { "line": 92, "column": 0 },
          "end": { "line": 92, "column": 60 }
        },
        "92": {
          "start": { "line": 93, "column": 0 },
          "end": { "line": 93, "column": 38 }
        },
        "93": {
          "start": { "line": 94, "column": 0 },
          "end": { "line": 94, "column": 12 }
        },
        "94": {
          "start": { "line": 95, "column": 0 },
          "end": { "line": 95, "column": 27 }
        },
        "95": {
          "start": { "line": 96, "column": 0 },
          "end": { "line": 96, "column": 5 }
        },
        "96": {
          "start": { "line": 97, "column": 0 },
          "end": { "line": 97, "column": 3 }
        },
        "98": {
          "start": { "line": 99, "column": 0 },
          "end": { "line": 99, "column": 70 }
        },
        "99": {
          "start": { "line": 100, "column": 0 },
          "end": { "line": 100, "column": 63 }
        },
        "100": {
          "start": { "line": 101, "column": 0 },
          "end": { "line": 101, "column": 34 }
        },
        "101": {
          "start": { "line": 102, "column": 0 },
          "end": { "line": 102, "column": 87 }
        },
        "103": {
          "start": { "line": 104, "column": 0 },
          "end": { "line": 104, "column": 47 }
        },
        "104": {
          "start": { "line": 105, "column": 0 },
          "end": { "line": 105, "column": 80 }
        },
        "105": {
          "start": { "line": 106, "column": 0 },
          "end": { "line": 106, "column": 87 }
        },
        "106": {
          "start": { "line": 107, "column": 0 },
          "end": { "line": 107, "column": 7 }
        },
        "108": {
          "start": { "line": 109, "column": 0 },
          "end": { "line": 109, "column": 22 }
        },
        "109": {
          "start": { "line": 110, "column": 0 },
          "end": { "line": 110, "column": 23 }
        },
        "110": {
          "start": { "line": 111, "column": 0 },
          "end": { "line": 111, "column": 3 }
        },
        "112": {
          "start": { "line": 113, "column": 0 },
          "end": { "line": 113, "column": 46 }
        },
        "113": {
          "start": { "line": 114, "column": 0 },
          "end": { "line": 114, "column": 11 }
        },
        "114": {
          "start": { "line": 115, "column": 0 },
          "end": { "line": 115, "column": 9 }
        },
        "115": {
          "start": { "line": 116, "column": 0 },
          "end": { "line": 116, "column": 9 }
        },
        "116": {
          "start": { "line": 117, "column": 0 },
          "end": { "line": 117, "column": 10 }
        },
        "117": {
          "start": { "line": 118, "column": 0 },
          "end": { "line": 118, "column": 11 }
        },
        "118": {
          "start": { "line": 119, "column": 0 },
          "end": { "line": 119, "column": 9 }
        },
        "119": {
          "start": { "line": 120, "column": 0 },
          "end": { "line": 120, "column": 13 }
        },
        "120": {
          "start": { "line": 121, "column": 0 },
          "end": { "line": 121, "column": 59 }
        },
        "121": {
          "start": { "line": 122, "column": 0 },
          "end": { "line": 122, "column": 24 }
        },
        "122": {
          "start": { "line": 123, "column": 0 },
          "end": { "line": 123, "column": 62 }
        },
        "123": {
          "start": { "line": 124, "column": 0 },
          "end": { "line": 124, "column": 30 }
        },
        "124": {
          "start": { "line": 125, "column": 0 },
          "end": { "line": 125, "column": 58 }
        },
        "125": {
          "start": { "line": 126, "column": 0 },
          "end": { "line": 126, "column": 9 }
        },
        "126": {
          "start": { "line": 127, "column": 0 },
          "end": { "line": 127, "column": 72 }
        },
        "127": {
          "start": { "line": 128, "column": 0 },
          "end": { "line": 128, "column": 62 }
        },
        "129": {
          "start": { "line": 130, "column": 0 },
          "end": { "line": 130, "column": 93 }
        },
        "130": {
          "start": { "line": 131, "column": 0 },
          "end": { "line": 131, "column": 66 }
        },
        "131": {
          "start": { "line": 132, "column": 0 },
          "end": { "line": 132, "column": 5 }
        },
        "133": {
          "start": { "line": 134, "column": 0 },
          "end": { "line": 134, "column": 89 }
        },
        "134": {
          "start": { "line": 135, "column": 0 },
          "end": { "line": 135, "column": 34 }
        },
        "135": {
          "start": { "line": 136, "column": 0 },
          "end": { "line": 136, "column": 5 }
        },
        "137": {
          "start": { "line": 138, "column": 0 },
          "end": { "line": 138, "column": 19 }
        },
        "138": {
          "start": { "line": 139, "column": 0 },
          "end": { "line": 139, "column": 39 }
        },
        "139": {
          "start": { "line": 140, "column": 0 },
          "end": { "line": 140, "column": 81 }
        },
        "140": {
          "start": { "line": 141, "column": 0 },
          "end": { "line": 141, "column": 6 }
        },
        "142": {
          "start": { "line": 143, "column": 0 },
          "end": { "line": 143, "column": 29 }
        },
        "143": {
          "start": { "line": 144, "column": 0 },
          "end": { "line": 144, "column": 50 }
        },
        "144": {
          "start": { "line": 145, "column": 0 },
          "end": { "line": 145, "column": 5 }
        },
        "146": {
          "start": { "line": 147, "column": 0 },
          "end": { "line": 147, "column": 34 }
        },
        "147": {
          "start": { "line": 148, "column": 0 },
          "end": { "line": 148, "column": 23 }
        },
        "148": {
          "start": { "line": 149, "column": 0 },
          "end": { "line": 149, "column": 14 }
        },
        "149": {
          "start": { "line": 150, "column": 0 },
          "end": { "line": 150, "column": 20 }
        },
        "150": {
          "start": { "line": 151, "column": 0 },
          "end": { "line": 151, "column": 35 }
        },
        "151": {
          "start": { "line": 152, "column": 0 },
          "end": { "line": 152, "column": 17 }
        },
        "152": {
          "start": { "line": 153, "column": 0 },
          "end": { "line": 153, "column": 16 }
        },
        "153": {
          "start": { "line": 154, "column": 0 },
          "end": { "line": 154, "column": 7 }
        },
        "154": {
          "start": { "line": 155, "column": 0 },
          "end": { "line": 155, "column": 4 }
        },
        "155": {
          "start": { "line": 156, "column": 0 },
          "end": { "line": 156, "column": 1 }
        },
        "164": {
          "start": { "line": 165, "column": 0 },
          "end": { "line": 165, "column": 89 }
        },
        "165": {
          "start": { "line": 166, "column": 0 },
          "end": { "line": 166, "column": 9 }
        },
        "173": {
          "start": { "line": 174, "column": 0 },
          "end": { "line": 174, "column": 72 }
        },
        "174": {
          "start": { "line": 175, "column": 0 },
          "end": { "line": 175, "column": 34 }
        },
        "175": {
          "start": { "line": 176, "column": 0 },
          "end": { "line": 176, "column": 29 }
        },
        "176": {
          "start": { "line": 177, "column": 0 },
          "end": { "line": 177, "column": 22 }
        },
        "177": {
          "start": { "line": 178, "column": 0 },
          "end": { "line": 178, "column": 23 }
        },
        "178": {
          "start": { "line": 179, "column": 0 },
          "end": { "line": 179, "column": 18 }
        },
        "179": {
          "start": { "line": 180, "column": 0 },
          "end": { "line": 180, "column": 9 }
        },
        "180": {
          "start": { "line": 181, "column": 0 },
          "end": { "line": 181, "column": 4 }
        },
        "181": {
          "start": { "line": 182, "column": 0 },
          "end": { "line": 182, "column": 1 }
        }
      },
      "s": {
        "0": 0,
        "9": 0,
        "41": 0,
        "42": 0,
        "43": 0,
        "44": 0,
        "45": 0,
        "48": 0,
        "50": 0,
        "56": 0,
        "57": 0,
        "58": 0,
        "59": 0,
        "60": 0,
        "61": 0,
        "62": 0,
        "63": 0,
        "64": 0,
        "65": 0,
        "66": 0,
        "67": 0,
        "68": 0,
        "69": 0,
        "71": 0,
        "72": 0,
        "73": 0,
        "75": 0,
        "76": 0,
        "78": 0,
        "79": 0,
        "80": 0,
        "81": 0,
        "82": 0,
        "83": 0,
        "84": 0,
        "85": 0,
        "86": 0,
        "87": 0,
        "88": 0,
        "90": 0,
        "91": 0,
        "92": 0,
        "93": 0,
        "94": 0,
        "95": 0,
        "96": 0,
        "98": 0,
        "99": 0,
        "100": 0,
        "101": 0,
        "103": 0,
        "104": 0,
        "105": 0,
        "106": 0,
        "108": 0,
        "109": 0,
        "110": 0,
        "112": 0,
        "113": 0,
        "114": 0,
        "115": 0,
        "116": 0,
        "117": 0,
        "118": 0,
        "119": 0,
        "120": 0,
        "121": 0,
        "122": 0,
        "123": 0,
        "124": 0,
        "125": 0,
        "126": 0,
        "127": 0,
        "129": 0,
        "130": 0,
        "131": 0,
        "133": 0,
        "134": 0,
        "135": 0,
        "137": 0,
        "138": 0,
        "139": 0,
        "140": 0,
        "142": 0,
        "143": 0,
        "144": 0,
        "146": 0,
        "147": 0,
        "148": 0,
        "149": 0,
        "150": 0,
        "151": 0,
        "152": 0,
        "153": 0,
        "154": 0,
        "155": 0,
        "164": 0,
        "165": 0,
        "173": 0,
        "174": 0,
        "175": 0,
        "176": 0,
        "177": 0,
        "178": 0,
        "179": 0,
        "180": 0,
        "181": 0
      },
      "branchMap": {
        "0": {
          "type": "branch",
          "line": 1,
          "loc": {
            "start": { "line": 1, "column": 5475 },
            "end": { "line": 182, "column": 1 }
          },
          "locations": [
            {
              "start": { "line": 1, "column": 5475 },
              "end": { "line": 182, "column": 1 }
            }
          ]
        }
      },
      "b": { "0": [0] },
      "fnMap": {
        "0": {
          "name": "(empty-report)",
          "decl": {
            "start": { "line": 1, "column": 5475 },
            "end": { "line": 182, "column": 1 }
          },
          "loc": {
            "start": { "line": 1, "column": 5475 },
            "end": { "line": 182, "column": 1 }
          },
          "line": 1
        }
      },
      "f": { "0": 0 }
    },
    "/Users/taichi/Documents/GitHub/testing-vitest/vite-project/src/hooks/useCounter.ts": {
      "path": "/Users/taichi/Documents/GitHub/testing-vitest/vite-project/src/hooks/useCounter.ts",
      "all": false,
      "statementMap": {
        "0": {
          "start": { "line": 1, "column": 0 },
          "end": { "line": 1, "column": 26 }
        },
        "2": {
          "start": { "line": 3, "column": 0 },
          "end": { "line": 3, "column": 23 }
        },
        "3": {
          "start": { "line": 4, "column": 0 },
          "end": { "line": 4, "column": 29 }
        },
        "4": {
          "start": { "line": 5, "column": 0 },
          "end": { "line": 5, "column": 1 }
        },
        "6": {
          "start": { "line": 7, "column": 0 },
          "end": { "line": 7, "column": 23 }
        }
      },
      "s": { "0": 1, "2": 1, "3": 2, "4": 2, "6": 1 },
      "branchMap": {
        "0": {
          "type": "branch",
          "line": 3,
          "loc": {
            "start": { "line": 3, "column": 16 },
            "end": { "line": 5, "column": 1 }
          },
          "locations": [
            {
              "start": { "line": 3, "column": 16 },
              "end": { "line": 5, "column": 1 }
            }
          ]
        }
      },
      "b": { "0": [2] },
      "fnMap": {
        "0": {
          "name": "Counter",
          "decl": {
            "start": { "line": 3, "column": 16 },
            "end": { "line": 5, "column": 1 }
          },
          "loc": {
            "start": { "line": 3, "column": 16 },
            "end": { "line": 5, "column": 1 }
          },
          "line": 3
        }
      },
      "f": { "0": 2 }
    }
  }
  